<?xml version="1.0" encoding="UTF-8"?>
<!-- Generated by org.testng.reporters.JUnitReportReporter -->
<testsuite hostname="DESKTOP-8ID442D" failures="0" tests="1" name="com.org.automationpanda.testcases.TC_VerifySentMessage_002" time="13.304" errors="0" timestamp="2023-07-18T17:41:19 IST" skipped="0">
  <testcase classname="com.org.automationpanda.testcases.TC_VerifySentMessage_002" name="sendMessageTest" time="13.304"/>
</testsuite> <!-- com.org.automationpanda.testcases.TC_VerifySentMessage_002 -->
